Time:2013-11-5 13:58:30
CommunicateErr:0
ErrPackageNum:0
TimeSkipNum:0
UpdateDataTimer is Active.
Memory info:
procs -----------memory---------- ---swap-- -----io---- --system-- -----cpu------
 r  b   swpd   free   buff  cache   si   so    bi    bo   in   cs us sy id wa st
 3  0 255356 186440  15476  78012    1    2     7    13    5   85  2 33 65  0  0



Time:2013-11-5 13:58:40
CommunicateErr:0
ErrPackageNum:0
TimeSkipNum:0
UpdateDataTimer is Active.
Memory info:
procs -----------memory---------- ---swap-- -----io---- --system-- -----cpu------
 r  b   swpd   free   buff  cache   si   so    bi    bo   in   cs us sy id wa st
11  0 255356 186308  15496  78016    1    2     7    13    5   85  2 33 65  0  0



Time:2013-11-5 13:58:50
CommunicateErr:0
ErrPackageNum:0
TimeSkipNum:0
UpdateDataTimer is Active.
Memory info:
procs -----------memory---------- ---swap-- -----io---- --system-- -----cpu------
 r  b   swpd   free   buff  cache   si   so    bi    bo   in   cs us sy id wa st
 2  0 255356 186308  15512  78016    1    2     7    13    5   85  2 33 65  0  0



Time:2013-11-5 13:59:00
CommunicateErr:0
ErrPackageNum:0
TimeSkipNum:0
UpdateDataTimer is Active.
Memory info:
procs -----------memory---------- ---swap-- -----io---- --system-- -----cpu------
 r  b   swpd   free   buff  cache   si   so    bi    bo   in   cs us sy id wa st
 8  0 255356 186292  15520  78024    1    2     7    13    5   85  2 33 65  0  0



Time:2013-11-5 13:59:10
CommunicateErr:0
ErrPackageNum:0
TimeSkipNum:0
UpdateDataTimer is Active.
Memory info:
procs -----------memory---------- ---swap-- -----io---- --system-- -----cpu------
 r  b   swpd   free   buff  cache   si   so    bi    bo   in   cs us sy id wa st
 4  0 255356 186176  15536  78024    1    2     7    13    5   85  2 33 65  0  0



Time:2013-11-5 13:59:20
CommunicateErr:0
ErrPackageNum:0
TimeSkipNum:0
UpdateDataTimer is Active.
Memory info:
procs -----------memory---------- ---swap-- -----io---- --system-- -----cpu------
 r  b   swpd   free   buff  cache   si   so    bi    bo   in   cs us sy id wa st
 4  0 255356 186176  15552  78020    1    2     7    13    5   85  2 33 65  0  0



Time:2013-11-5 13:59:30
CommunicateErr:0
ErrPackageNum:0
TimeSkipNum:0
UpdateDataTimer is Active.
Memory info:
procs -----------memory---------- ---swap-- -----io---- --system-- -----cpu------
 r  b   swpd   free   buff  cache   si   so    bi    bo   in   cs us sy id wa st
 7  0 255356 186164  15568  78020    1    2     7    13    5   85  2 33 65  0  0



Time:2013-11-5 13:59:40
CommunicateErr:0
ErrPackageNum:0
TimeSkipNum:0
UpdateDataTimer is Active.
Memory info:
procs -----------memory---------- ---swap-- -----io---- --system-- -----cpu------
 r  b   swpd   free   buff  cache   si   so    bi    bo   in   cs us sy id wa st
 9  1 255356 186032  15580  78024    1    2     7    13    5   85  2 33 65  0  0



Time:2013-11-5 13:59:50
CommunicateErr:0
ErrPackageNum:0
TimeSkipNum:0
UpdateDataTimer is Active.
Memory info:
procs -----------memory---------- ---swap-- -----io---- --system-- -----cpu------
 r  b   swpd   free   buff  cache   si   so    bi    bo   in   cs us sy id wa st
 1  1 255356 186048  15600  78020    1    2     7    13    5   85  2 33 65  0  0



Time:2013-11-5 14:00:00
CommunicateErr:0
ErrPackageNum:0
TimeSkipNum:0
UpdateDataTimer is Active.
Memory info:
procs -----------memory---------- ---swap-- -----io---- --system-- -----cpu------
 r  b   swpd   free   buff  cache   si   so    bi    bo   in   cs us sy id wa st
 5  0 255356 186048  15616  78020    1    2     7    13    5   85  2 33 65  0  0



Time:2013-11-5 14:00:10
CommunicateErr:0
ErrPackageNum:0
TimeSkipNum:0
UpdateDataTimer is Active.
Memory info:
procs -----------memory---------- ---swap-- -----io---- --system-- -----cpu------
 r  b   swpd   free   buff  cache   si   so    bi    bo   in   cs us sy id wa st
 5  1 255356 185912  15628  78028    1    2     7    13    5   85  2 33 65  0  0



Time:2013-11-5 14:00:20
CommunicateErr:0
ErrPackageNum:0
TimeSkipNum:0
UpdateDataTimer is Active.
Memory info:
procs -----------memory---------- ---swap-- -----io---- --system-- -----cpu------
 r  b   swpd   free   buff  cache   si   so    bi    bo   in   cs us sy id wa st
 6  1 255356 185928  15644  78028    1    2     7    13    5   85  2 33 65  0  0



Time:2013-11-5 14:00:30
CommunicateErr:0
ErrPackageNum:0
TimeSkipNum:0
UpdateDataTimer is Active.
Memory info:
procs -----------memory---------- ---swap-- -----io---- --system-- -----cpu------
 r  b   swpd   free   buff  cache   si   so    bi    bo   in   cs us sy id wa st
 9  1 255356 185792  15660  78032    1    2     7    13    5   85  2 33 65  0  0



Time:2013-11-5 14:00:40
CommunicateErr:0
ErrPackageNum:0
TimeSkipNum:0
UpdateDataTimer is Active.
Memory info:
procs -----------memory---------- ---swap-- -----io---- --system-- -----cpu------
 r  b   swpd   free   buff  cache   si   so    bi    bo   in   cs us sy id wa st
 8  0 255356 185804  15680  78028    1    2     7    13    5   85  2 33 65  0  0



Time:2013-11-5 14:00:50
CommunicateErr:0
ErrPackageNum:0
TimeSkipNum:0
UpdateDataTimer is Active.
Memory info:
procs -----------memory---------- ---swap-- -----io---- --system-- -----cpu------
 r  b   swpd   free   buff  cache   si   so    bi    bo   in   cs us sy id wa st
 2  1 255356 185792  15696  78028    1    2     7    13    5   85  2 33 65  0  0



Time:2013-11-5 14:01:00
CommunicateErr:0
ErrPackageNum:0
TimeSkipNum:0
UpdateDataTimer is Active.
Memory info:
procs -----------memory---------- ---swap-- -----io---- --system-- -----cpu------
 r  b   swpd   free   buff  cache   si   so    bi    bo   in   cs us sy id wa st
 8  1 255356 185652  15708  78036    1    2     7    13    5   85  2 33 65  0  0



Time:2013-11-5 14:01:10
CommunicateErr:0
ErrPackageNum:0
TimeSkipNum:0
UpdateDataTimer is Active.
Memory info:
procs -----------memory---------- ---swap-- -----io---- --system-- -----cpu------
 r  b   swpd   free   buff  cache   si   so    bi    bo   in   cs us sy id wa st
11  0 255356 185148  15736  78072    1    2     7    13    5   85  2 33 65  0  0



Time:2013-11-5 14:01:20
CommunicateErr:0
ErrPackageNum:0
TimeSkipNum:0
UpdateDataTimer is Active.
Memory info:
procs -----------memory---------- ---swap-- -----io---- --system-- -----cpu------
 r  b   swpd   free   buff  cache   si   so    bi    bo   in   cs us sy id wa st
 5  0 255356 185524  15752  78064    1    2     7    13    5   85  2 33 65  0  0



Time:2013-11-5 14:01:30
CommunicateErr:0
ErrPackageNum:0
TimeSkipNum:0
UpdateDataTimer is Active.
Memory info:
procs -----------memory---------- ---swap-- -----io---- --system-- -----cpu------
 r  b   swpd   free   buff  cache   si   so    bi    bo   in   cs us sy id wa st
 3  1 255356 185524  15768  78064    1    2     7    13    5   85  2 33 65  0  0



Time:2013-11-5 14:01:40
CommunicateErr:0
ErrPackageNum:0
TimeSkipNum:0
UpdateDataTimer is Active.
Memory info:
procs -----------memory---------- ---swap-- -----io---- --system-- -----cpu------
 r  b   swpd   free   buff  cache   si   so    bi    bo   in   cs us sy id wa st
 8  0 255356 185276  16000  78088    1    2     7    13    5   85  2 33 65  0  0



Time:2013-11-5 14:01:50
CommunicateErr:0
ErrPackageNum:0
TimeSkipNum:0
UpdateDataTimer is Active.
Memory info:
procs -----------memory---------- ---swap-- -----io---- --system-- -----cpu------
 r  b   swpd   free   buff  cache   si   so    bi    bo   in   cs us sy id wa st
 6  0 255356 185152  16016  78068    1    2     7    13    5   85  2 33 65  0  0



Time:2013-11-5 14:02:00
CommunicateErr:0
ErrPackageNum:0
TimeSkipNum:0
UpdateDataTimer is Active.
Memory info:
procs -----------memory---------- ---swap-- -----io---- --system-- -----cpu------
 r  b   swpd   free   buff  cache   si   so    bi    bo   in   cs us sy id wa st
 5  0 255356 185172  16032  78068    1    2     7    13    5   85  2 33 65  0  0



Time:2013-11-5 14:02:10
CommunicateErr:0
ErrPackageNum:0
TimeSkipNum:0
UpdateDataTimer is Active.
Memory info:
procs -----------memory---------- ---swap-- -----io---- --system-- -----cpu------
 r  b   swpd   free   buff  cache   si   so    bi    bo   in   cs us sy id wa st
 6  1 255356 185052  16044  78072    1    2     7    13    5   85  2 33 65  0  0



Time:2013-11-5 14:02:20
CommunicateErr:0
ErrPackageNum:0
TimeSkipNum:0
UpdateDataTimer is Active.
Memory info:
procs -----------memory---------- ---swap-- -----io---- --system-- -----cpu------
 r  b   swpd   free   buff  cache   si   so    bi    bo   in   cs us sy id wa st
 6  1 255356 185060  16060  78076    1    2     7    13    5   85  2 33 65  0  0



Time:2013-11-5 14:02:30
CommunicateErr:0
ErrPackageNum:0
TimeSkipNum:0
UpdateDataTimer is Active.
Memory info:
procs -----------memory---------- ---swap-- -----io---- --system-- -----cpu------
 r  b   swpd   free   buff  cache   si   so    bi    bo   in   cs us sy id wa st
 6  1 255356 185044  16076  78076    1    2     7    13    5   85  2 33 65  0  0



Time:2013-11-5 14:02:40
CommunicateErr:0
ErrPackageNum:0
TimeSkipNum:0
UpdateDataTimer is Active.
Memory info:
procs -----------memory---------- ---swap-- -----io---- --system-- -----cpu------
 r  b   swpd   free   buff  cache   si   so    bi    bo   in   cs us sy id wa st
 6  0 255356 184924  16096  78076    1    2     7    13    5   85  2 33 65  0  0



Time:2013-11-5 14:02:50
CommunicateErr:0
ErrPackageNum:0
TimeSkipNum:0
UpdateDataTimer is Active.
Memory info:
procs -----------memory---------- ---swap-- -----io---- --system-- -----cpu------
 r  b   swpd   free   buff  cache   si   so    bi    bo   in   cs us sy id wa st
 4  0 255356 184924  16112  78076    1    2     7    13    5   85  2 33 65  0  0



Time:2013-11-5 14:03:00
CommunicateErr:0
ErrPackageNum:0
TimeSkipNum:0
UpdateDataTimer is Active.
Memory info:
procs -----------memory---------- ---swap-- -----io---- --system-- -----cpu------
 r  b   swpd   free   buff  cache   si   so    bi    bo   in   cs us sy id wa st
 6  1 255356 184796  16124  78080    1    2     7    13    5   85  2 33 65  0  0



Time:2013-11-5 14:03:10
CommunicateErr:0
ErrPackageNum:0
TimeSkipNum:0
UpdateDataTimer is Active.
Memory info:
procs -----------memory---------- ---swap-- -----io---- --system-- -----cpu------
 r  b   swpd   free   buff  cache   si   so    bi    bo   in   cs us sy id wa st
 5  1 255356 184788  16144  78076    1    2     7    13    5   85  2 33 65  0  0



Time:2013-11-5 14:03:20
CommunicateErr:0
ErrPackageNum:0
TimeSkipNum:0
UpdateDataTimer is Active.
Memory info:
procs -----------memory---------- ---swap-- -----io---- --system-- -----cpu------
 r  b   swpd   free   buff  cache   si   so    bi    bo   in   cs us sy id wa st
 1  0 255356 184688  16160  78088    1    2     7    13    5   85  2 33 65  0  0



Time:2013-11-5 14:03:30
CommunicateErr:0
ErrPackageNum:0
TimeSkipNum:0
UpdateDataTimer is Active.
Memory info:
procs -----------memory---------- ---swap-- -----io---- --system-- -----cpu------
 r  b   swpd   free   buff  cache   si   so    bi    bo   in   cs us sy id wa st
 3  1 255356 184688  16172  78084    1    2     7    13    5   85  2 33 65  0  0



Time:2013-11-5 14:03:40
CommunicateErr:0
ErrPackageNum:0
TimeSkipNum:0
UpdateDataTimer is Active.
Memory info:
procs -----------memory---------- ---swap-- -----io---- --system-- -----cpu------
 r  b   swpd   free   buff  cache   si   so    bi    bo   in   cs us sy id wa st
 1  0 255356 184688  16192  78092    1    2     7    13    5   85  2 33 65  0  0



Time:2013-11-5 14:03:50
CommunicateErr:0
ErrPackageNum:0
TimeSkipNum:0
UpdateDataTimer is Active.
Memory info:
procs -----------memory---------- ---swap-- -----io---- --system-- -----cpu------
 r  b   swpd   free   buff  cache   si   so    bi    bo   in   cs us sy id wa st
 6  1 255356 184564  16204  78084    1    2     7    13    5   85  2 33 65  0  0



Time:2013-11-5 14:04:00
CommunicateErr:0
ErrPackageNum:0
TimeSkipNum:0
UpdateDataTimer is Active.
Memory info:
procs -----------memory---------- ---swap-- -----io---- --system-- -----cpu------
 r  b   swpd   free   buff  cache   si   so    bi    bo   in   cs us sy id wa st
 4  0 255356 184548  16224  78080    1    2     7    13    5   85  2 33 65  0  0



Time:2013-11-5 14:04:10
CommunicateErr:0
ErrPackageNum:0
TimeSkipNum:0
UpdateDataTimer is Active.
Memory info:
procs -----------memory---------- ---swap-- -----io---- --system-- -----cpu------
 r  b   swpd   free   buff  cache   si   so    bi    bo   in   cs us sy id wa st
 7  1 255356 184548  16236  78084    1    2     7    13    5   85  2 33 65  0  0



Time:2013-11-5 14:04:20
CommunicateErr:0
ErrPackageNum:0
TimeSkipNum:0
UpdateDataTimer is Active.
Memory info:
procs -----------memory---------- ---swap-- -----io---- --system-- -----cpu------
 r  b   swpd   free   buff  cache   si   so    bi    bo   in   cs us sy id wa st
 5  0 255356 184412  16256  78088    1    2     7    13    5   85  2 33 65  0  0



Time:2013-11-5 14:04:30
CommunicateErr:0
ErrPackageNum:0
TimeSkipNum:0
UpdateDataTimer is Active.
Memory info:
procs -----------memory---------- ---swap-- -----io---- --system-- -----cpu------
 r  b   swpd   free   buff  cache   si   so    bi    bo   in   cs us sy id wa st
 1  0 255356 184424  16272  78096    1    2     7    13    5   85  2 33 65  0  0



Time:2013-11-5 14:04:40
CommunicateErr:0
ErrPackageNum:0
TimeSkipNum:0
UpdateDataTimer is Active.
Memory info:
procs -----------memory---------- ---swap-- -----io---- --system-- -----cpu------
 r  b   swpd   free   buff  cache   si   so    bi    bo   in   cs us sy id wa st
 9  0 255356 184300  16288  78088    1    2     7    13    5   85  2 33 65  0  0



Time:2013-11-5 14:04:50
CommunicateErr:0
ErrPackageNum:0
TimeSkipNum:0
UpdateDataTimer is Active.
Memory info:
procs -----------memory---------- ---swap-- -----io---- --system-- -----cpu------
 r  b   swpd   free   buff  cache   si   so    bi    bo   in   cs us sy id wa st
 8  1 255356 184288  16300  78092    1    2     7    13    5   85  2 33 65  0  0



Time:2013-11-5 14:05:00
CommunicateErr:0
ErrPackageNum:0
TimeSkipNum:0
UpdateDataTimer is Active.
Memory info:
procs -----------memory---------- ---swap-- -----io---- --system-- -----cpu------
 r  b   swpd   free   buff  cache   si   so    bi    bo   in   cs us sy id wa st
 6  1 255356 184176  16320  78088    1    2     7    13    5   85  2 33 65  0  0



Time:2013-11-5 14:05:10
CommunicateErr:0
ErrPackageNum:0
TimeSkipNum:0
UpdateDataTimer is Active.
Memory info:
procs -----------memory---------- ---swap-- -----io---- --system-- -----cpu------
 r  b   swpd   free   buff  cache   si   so    bi    bo   in   cs us sy id wa st
 6  1 255356 184176  16332  78096    1    2     7    13    5   85  2 33 65  0  0



Time:2013-11-5 14:05:20
CommunicateErr:0
ErrPackageNum:0
TimeSkipNum:0
UpdateDataTimer is Active.
Memory info:
procs -----------memory---------- ---swap-- -----io---- --system-- -----cpu------
 r  b   swpd   free   buff  cache   si   so    bi    bo   in   cs us sy id wa st
 5  0 255356 184176  16352  78092    1    2     7    13    5   85  2 33 65  0  0



Time:2013-11-5 14:05:30
CommunicateErr:0
ErrPackageNum:0
TimeSkipNum:0
UpdateDataTimer is Active.
Memory info:
procs -----------memory---------- ---swap-- -----io---- --system-- -----cpu------
 r  b   swpd   free   buff  cache   si   so    bi    bo   in   cs us sy id wa st
 6  0 255356 184052  16368  78092    1    2     7    13    5   85  2 33 65  0  0



Time:2013-11-5 14:05:40
CommunicateErr:0
ErrPackageNum:0
TimeSkipNum:0
UpdateDataTimer is Active.
Memory info:
procs -----------memory---------- ---swap-- -----io---- --system-- -----cpu------
 r  b   swpd   free   buff  cache   si   so    bi    bo   in   cs us sy id wa st
 9  0 255356 184040  16384  78092    1    2     7    13    5   85  2 33 65  0  0



Time:2013-11-5 14:05:50
CommunicateErr:0
ErrPackageNum:0
TimeSkipNum:0
UpdateDataTimer is Active.
Memory info:
procs -----------memory---------- ---swap-- -----io---- --system-- -----cpu------
 r  b   swpd   free   buff  cache   si   so    bi    bo   in   cs us sy id wa st
10  1 255356 183916  16396  78096    1    2     7    13    5   85  2 33 65  0  0



Time:2013-11-5 14:06:00
CommunicateErr:0
ErrPackageNum:0
TimeSkipNum:0
UpdateDataTimer is Active.
Memory info:
procs -----------memory---------- ---swap-- -----io---- --system-- -----cpu------
 r  b   swpd   free   buff  cache   si   so    bi    bo   in   cs us sy id wa st
 8  0 255356 183928  16416  78096    1    2     7    13    5   85  2 33 65  0  0



Time:2013-11-5 14:06:10
CommunicateErr:0
ErrPackageNum:0
TimeSkipNum:0
UpdateDataTimer is Active.
Memory info:
procs -----------memory---------- ---swap-- -----io---- --system-- -----cpu------
 r  b   swpd   free   buff  cache   si   so    bi    bo   in   cs us sy id wa st
 2  0 255356 183928  16432  78100    1    2     7    13    5   85  2 33 64  0  0



Time:2013-11-5 14:06:20
CommunicateErr:0
ErrPackageNum:0
TimeSkipNum:0
UpdateDataTimer is Active.
Memory info:
procs -----------memory---------- ---swap-- -----io---- --system-- -----cpu------
 r  b   swpd   free   buff  cache   si   so    bi    bo   in   cs us sy id wa st
10  0 255356 183288  16448  78100    1    2     7    13    5   86  2 33 64  0  0



Time:2013-11-5 14:06:30
CommunicateErr:0
ErrPackageNum:0
TimeSkipNum:0
UpdateDataTimer is Active.
Memory info:
procs -----------memory---------- ---swap-- -----io---- --system-- -----cpu------
 r  b   swpd   free   buff  cache   si   so    bi    bo   in   cs us sy id wa st
 4  0 255356 183804  16464  78100    1    2     7    13    5   86  2 33 64  0  0



Time:2013-11-5 14:06:40
CommunicateErr:0
ErrPackageNum:0
TimeSkipNum:0
UpdateDataTimer is Active.
Memory info:
procs -----------memory---------- ---swap-- -----io---- --system-- -----cpu------
 r  b   swpd   free   buff  cache   si   so    bi    bo   in   cs us sy id wa st
 7  0 255356 183676  16480  78100    1    2     7    13    5   86  2 33 64  0  0



Time:2013-11-5 14:06:50
CommunicateErr:0
ErrPackageNum:0
TimeSkipNum:0
UpdateDataTimer is Active.
Memory info:
procs -----------memory---------- ---swap-- -----io---- --system-- -----cpu------
 r  b   swpd   free   buff  cache   si   so    bi    bo   in   cs us sy id wa st
 4  0 255356 183664  16496  78104    1    2     7    13    5   86  2 33 64  0  0



Time:2013-11-5 14:07:00
CommunicateErr:0
ErrPackageNum:0
TimeSkipNum:0
UpdateDataTimer is Active.
Memory info:
procs -----------memory---------- ---swap-- -----io---- --system-- -----cpu------
 r  b   swpd   free   buff  cache   si   so    bi    bo   in   cs us sy id wa st
 1  0 255356 183680  16512  78112    1    2     7    13    5   86  2 33 64  0  0



Time:2013-11-5 14:07:10
CommunicateErr:0
ErrPackageNum:0
TimeSkipNum:0
UpdateDataTimer is Active.
Memory info:
procs -----------memory---------- ---swap-- -----io---- --system-- -----cpu------
 r  b   swpd   free   buff  cache   si   so    bi    bo   in   cs us sy id wa st
 7  1 255356 183556  16524  78108    1    2     7    13    5   86  2 33 64  0  0



Time:2013-11-5 14:07:20
CommunicateErr:0
ErrPackageNum:0
TimeSkipNum:0
UpdateDataTimer is Active.
Memory info:
procs -----------memory---------- ---swap-- -----io---- --system-- -----cpu------
 r  b   swpd   free   buff  cache   si   so    bi    bo   in   cs us sy id wa st
 7  0 255356 183540  16544  78104    1    2     7    13    5   86  2 33 64  0  0



Time:2013-11-5 14:07:30
CommunicateErr:0
ErrPackageNum:0
TimeSkipNum:0
UpdateDataTimer is Active.
Memory info:
procs -----------memory---------- ---swap-- -----io---- --system-- -----cpu------
 r  b   swpd   free   buff  cache   si   so    bi    bo   in   cs us sy id wa st
 4  0 255356 183540  16560  78104    1    2     7    13    5   86  2 33 64  0  0



Time:2013-11-5 14:07:40
CommunicateErr:0
ErrPackageNum:0
TimeSkipNum:0
UpdateDataTimer is Active.
Memory info:
procs -----------memory---------- ---swap-- -----io---- --system-- -----cpu------
 r  b   swpd   free   buff  cache   si   so    bi    bo   in   cs us sy id wa st
 4  1 255356 183416  16572  78112    1    2     7    13    5   86  2 33 64  0  0



Time:2013-11-5 14:07:50
CommunicateErr:0
ErrPackageNum:0
TimeSkipNum:0
UpdateDataTimer is Active.
Memory info:
procs -----------memory---------- ---swap-- -----io---- --system-- -----cpu------
 r  b   swpd   free   buff  cache   si   so    bi    bo   in   cs us sy id wa st
 1  0 255356 183432  16592  78116    1    2     7    13    5   86  2 33 64  0  0



Time:2013-11-5 14:08:00
CommunicateErr:0
ErrPackageNum:0
TimeSkipNum:0
UpdateDataTimer is Active.
Memory info:
procs -----------memory---------- ---swap-- -----io---- --system-- -----cpu------
 r  b   swpd   free   buff  cache   si   so    bi    bo   in   cs us sy id wa st
 1  0 255356 183308  16608  78108    1    2     7    13    5   86  2 33 64  0  0



Time:2013-11-5 14:08:10
CommunicateErr:0
ErrPackageNum:0
TimeSkipNum:0
UpdateDataTimer is Active.
Memory info:
procs -----------memory---------- ---swap-- -----io---- --system-- -----cpu------
 r  b   swpd   free   buff  cache   si   so    bi    bo   in   cs us sy id wa st
 1  0 255356 183308  16616  78108    1    2     7    13    5   86  2 33 64  0  0



Time:2013-11-5 14:08:20
CommunicateErr:0
ErrPackageNum:0
TimeSkipNum:0
UpdateDataTimer is Active.
Memory info:
procs -----------memory---------- ---swap-- -----io---- --system-- -----cpu------
 r  b   swpd   free   buff  cache   si   so    bi    bo   in   cs us sy id wa st
 6  1 255356 176816  16636  78408    1    2     7    13    5   86  2 33 64  0  0



Time:2013-11-5 14:08:30
CommunicateErr:0
ErrPackageNum:0
TimeSkipNum:0
UpdateDataTimer is Active.
Memory info:
procs -----------memory---------- ---swap-- -----io---- --system-- -----cpu------
 r  b   swpd   free   buff  cache   si   so    bi    bo   in   cs us sy id wa st
 3  0 255356 176464  16672  78416    1    2     7    13    5   86  2 33 64  0  0



Time:2013-11-5 14:08:40
CommunicateErr:0
ErrPackageNum:0
TimeSkipNum:0
UpdateDataTimer is Active.
Memory info:
procs -----------memory---------- ---swap-- -----io---- --system-- -----cpu------
 r  b   swpd   free   buff  cache   si   so    bi    bo   in   cs us sy id wa st
 8  0 255356 176528  16688  78416    1    2     7    13    5   86  2 33 64  0  0



Time:2013-11-5 14:08:50
CommunicateErr:0
ErrPackageNum:0
TimeSkipNum:0
UpdateDataTimer is Active.
Memory info:
procs -----------memory---------- ---swap-- -----io---- --system-- -----cpu------
 r  b   swpd   free   buff  cache   si   so    bi    bo   in   cs us sy id wa st
 9  1 255356 176576  16704  78416    1    2     7    13    5   86  2 33 64  0  0



Time:2013-11-5 14:09:00
CommunicateErr:0
ErrPackageNum:0
TimeSkipNum:0
UpdateDataTimer is Active.
Memory info:
procs -----------memory---------- ---swap-- -----io---- --system-- -----cpu------
 r  b   swpd   free   buff  cache   si   so    bi    bo   in   cs us sy id wa st
 7  0 255356 173112  16712  78648    1    2     7    13    5   86  2 33 64  0  0



Time:2013-11-5 14:09:10
CommunicateErr:0
ErrPackageNum:0
TimeSkipNum:0
UpdateDataTimer is Active.
Memory info:
procs -----------memory---------- ---swap-- -----io---- --system-- -----cpu------
 r  b   swpd   free   buff  cache   si   so    bi    bo   in   cs us sy id wa st
 9  0 255356 173244  16728  78648    1    2     7    13    5   86  2 33 64  0  0



Time:2013-11-5 14:09:20
CommunicateErr:0
ErrPackageNum:0
TimeSkipNum:0
UpdateDataTimer is Active.
Memory info:
procs -----------memory---------- ---swap-- -----io---- --system-- -----cpu------
 r  b   swpd   free   buff  cache   si   so    bi    bo   in   cs us sy id wa st
 5  0 255356 173232  16736  78652    1    2     7    13    5   86  2 33 64  0  0



Time:2013-11-5 14:09:30
CommunicateErr:0
ErrPackageNum:0
TimeSkipNum:0
UpdateDataTimer is Active.
Memory info:
procs -----------memory---------- ---swap-- -----io---- --system-- -----cpu------
 r  b   swpd   free   buff  cache   si   so    bi    bo   in   cs us sy id wa st
 5  0 255356 173092  16752  78652    1    2     7    13    5   86  2 33 64  0  0



Time:2013-11-5 14:09:40
CommunicateErr:0
ErrPackageNum:0
TimeSkipNum:0
UpdateDataTimer is Active.
Memory info:
procs -----------memory---------- ---swap-- -----io---- --system-- -----cpu------
 r  b   swpd   free   buff  cache   si   so    bi    bo   in   cs us sy id wa st
 6  0 255356 173120  16760  78652    1    2     7    13    5   86  2 33 64  0  0



Time:2013-11-5 14:09:50
CommunicateErr:0
ErrPackageNum:0
TimeSkipNum:0
UpdateDataTimer is Active.
Memory info:
procs -----------memory---------- ---swap-- -----io---- --system-- -----cpu------
 r  b   swpd   free   buff  cache   si   so    bi    bo   in   cs us sy id wa st
 7  0 255356 173120  16776  78652    1    2     7    13    5   86  2 33 64  0  0



Time:2013-11-5 14:10:00
CommunicateErr:0
ErrPackageNum:0
TimeSkipNum:0
UpdateDataTimer is Active.
Memory info:
procs -----------memory---------- ---swap-- -----io---- --system-- -----cpu------
 r  b   swpd   free   buff  cache   si   so    bi    bo   in   cs us sy id wa st
 1  0 255356 172988  16792  78648    1    2     7    13    5   86  2 33 64  0  0



Time:2013-11-5 14:10:10
CommunicateErr:0
ErrPackageNum:0
TimeSkipNum:0
UpdateDataTimer is Active.
Memory info:
procs -----------memory---------- ---swap-- -----io---- --system-- -----cpu------
 r  b   swpd   free   buff  cache   si   so    bi    bo   in   cs us sy id wa st
 4  0 255356 172996  16808  78652    1    2     7    13    5   86  2 33 64  0  0



Time:2013-11-5 14:10:20
CommunicateErr:0
ErrPackageNum:0
TimeSkipNum:0
UpdateDataTimer is Active.
Memory info:
procs -----------memory---------- ---swap-- -----io---- --system-- -----cpu------
 r  b   swpd   free   buff  cache   si   so    bi    bo   in   cs us sy id wa st
11  1 255356 172864  16820  78656    1    2     7    13    5   86  2 33 64  0  0



Time:2013-11-5 14:10:30
CommunicateErr:0
ErrPackageNum:0
TimeSkipNum:0
UpdateDataTimer is Active.
Memory info:
procs -----------memory---------- ---swap-- -----io---- --system-- -----cpu------
 r  b   swpd   free   buff  cache   si   so    bi    bo   in   cs us sy id wa st
 7  0 255356 172368  16832  78660    1    2     7    13    5   86  2 33 64  0  0



Time:2013-11-5 14:10:40
CommunicateErr:0
ErrPackageNum:0
TimeSkipNum:0
UpdateDataTimer is Active.
Memory info:
procs -----------memory---------- ---swap-- -----io---- --system-- -----cpu------
 r  b   swpd   free   buff  cache   si   so    bi    bo   in   cs us sy id wa st
 6  0 255356 172872  16848  78652    1    2     7    13    5   86  2 33 64  0  0



Time:2013-11-5 14:10:50
CommunicateErr:0
ErrPackageNum:0
TimeSkipNum:0
UpdateDataTimer is Active.
Memory info:
procs -----------memory---------- ---swap-- -----io---- --system-- -----cpu------
 r  b   swpd   free   buff  cache   si   so    bi    bo   in   cs us sy id wa st
 7  0 255356 172748  16864  78652    1    2     7    13    5   86  2 33 64  0  0



Time:2013-11-5 14:11:00
CommunicateErr:0
ErrPackageNum:0
TimeSkipNum:0
UpdateDataTimer is Active.
Memory info:
procs -----------memory---------- ---swap-- -----io---- --system-- -----cpu------
 r  b   swpd   free   buff  cache   si   so    bi    bo   in   cs us sy id wa st
 7  1 255356 172732  16864  78664    1    2     7    13    5   86  2 33 64  0  0



Time:2013-11-5 14:11:10
CommunicateErr:0
ErrPackageNum:0
TimeSkipNum:0
UpdateDataTimer is Active.
Memory info:
procs -----------memory---------- ---swap-- -----io---- --system-- -----cpu------
 r  b   swpd   free   buff  cache   si   so    bi    bo   in   cs us sy id wa st
 3  0 255356 172740  16888  78656    1    2     7    13    5   86  2 33 64  0  0



Time:2013-11-5 14:11:20
CommunicateErr:0
ErrPackageNum:0
TimeSkipNum:0
UpdateDataTimer is Active.
Memory info:
procs -----------memory---------- ---swap-- -----io---- --system-- -----cpu------
 r  b   swpd   free   buff  cache   si   so    bi    bo   in   cs us sy id wa st
 6  0 255356 172740  16904  78656    1    2     7    13    5   86  2 33 64  0  0



Time:2013-11-5 14:11:30
CommunicateErr:0
ErrPackageNum:0
TimeSkipNum:0
UpdateDataTimer is Active.
Memory info:
procs -----------memory---------- ---swap-- -----io---- --system-- -----cpu------
 r  b   swpd   free   buff  cache   si   so    bi    bo   in   cs us sy id wa st
 3  1 255356 172624  16920  78656    1    2     7    13    5   86  2 33 64  0  0



Time:2013-11-5 14:11:40
CommunicateErr:0
ErrPackageNum:0
TimeSkipNum:0
UpdateDataTimer is Active.
Memory info:
procs -----------memory---------- ---swap-- -----io---- --system-- -----cpu------
 r  b   swpd   free   buff  cache   si   so    bi    bo   in   cs us sy id wa st
 7  1 255356 172624  16936  78656    1    2     7    13    5   86  2 33 64  0  0



Time:2013-11-5 14:11:50
CommunicateErr:0
ErrPackageNum:0
TimeSkipNum:0
UpdateDataTimer is Active.
Memory info:
procs -----------memory---------- ---swap-- -----io---- --system-- -----cpu------
 r  b   swpd   free   buff  cache   si   so    bi    bo   in   cs us sy id wa st
 5  0 255356 172608  16952  78660    1    2     7    13    5   86  2 33 64  0  0



Time:2013-11-5 14:12:00
CommunicateErr:0
ErrPackageNum:0
TimeSkipNum:0
UpdateDataTimer is Active.
Memory info:
procs -----------memory---------- ---swap-- -----io---- --system-- -----cpu------
 r  b   swpd   free   buff  cache   si   so    bi    bo   in   cs us sy id wa st
11  0 255356 172500  16968  78664    1    2     7    13    5   86  2 33 64  0  0



Time:2013-11-5 14:12:10
CommunicateErr:0
ErrPackageNum:0
TimeSkipNum:0
UpdateDataTimer is Active.
Memory info:
procs -----------memory---------- ---swap-- -----io---- --system-- -----cpu------
 r  b   swpd   free   buff  cache   si   so    bi    bo   in   cs us sy id wa st
 7  1 255356 172500  16980  78668    1    2     7    13    5   86  2 33 64  0  0



Time:2013-11-5 14:12:20
CommunicateErr:0
ErrPackageNum:0
TimeSkipNum:0
UpdateDataTimer is Active.
Memory info:
procs -----------memory---------- ---swap-- -----io---- --system-- -----cpu------
 r  b   swpd   free   buff  cache   si   so    bi    bo   in   cs us sy id wa st
 4  0 255356 172492  17000  78664    1    2     7    13    5   86  2 33 64  0  0



Time:2013-11-5 14:12:30
CommunicateErr:0
ErrPackageNum:0
TimeSkipNum:0
UpdateDataTimer is Active.
Memory info:
procs -----------memory---------- ---swap-- -----io---- --system-- -----cpu------
 r  b   swpd   free   buff  cache   si   so    bi    bo   in   cs us sy id wa st
 1  0 255356 172500  17016  78676    1    2     7    13    5   86  2 33 64  0  0



Time:2013-11-5 14:12:40
CommunicateErr:0
ErrPackageNum:0
TimeSkipNum:0
UpdateDataTimer is Active.
Memory info:
procs -----------memory---------- ---swap-- -----io---- --system-- -----cpu------
 r  b   swpd   free   buff  cache   si   so    bi    bo   in   cs us sy id wa st
 6  0 255356 172376  17032  78668    1    2     7    13    5   86  2 33 64  0  0



Time:2013-11-5 14:12:50
CommunicateErr:0
ErrPackageNum:0
TimeSkipNum:0
UpdateDataTimer is Active.
Memory info:
procs -----------memory---------- ---swap-- -----io---- --system-- -----cpu------
 r  b   swpd   free   buff  cache   si   so    bi    bo   in   cs us sy id wa st
 7  1 255356 172376  17040  78676    1    2     7    13    5   86  2 33 64  0  0



Time:2013-11-5 14:13:00
CommunicateErr:0
ErrPackageNum:0
TimeSkipNum:0
UpdateDataTimer is Active.
Memory info:
procs -----------memory---------- ---swap-- -----io---- --system-- -----cpu------
 r  b   swpd   free   buff  cache   si   so    bi    bo   in   cs us sy id wa st
 7  0 255356 172376  17056  78676    1    2     7    13    5   86  2 33 64  0  0



Time:2013-11-5 14:13:10
CommunicateErr:0
ErrPackageNum:0
TimeSkipNum:0
UpdateDataTimer is Active.
Memory info:
procs -----------memory---------- ---swap-- -----io---- --system-- -----cpu------
 r  b   swpd   free   buff  cache   si   so    bi    bo   in   cs us sy id wa st
 6  1 255356 172236  17068  78672    1    2     7    13    5   86  2 33 64  0  0



Time:2013-11-5 14:13:20
CommunicateErr:0
ErrPackageNum:0
TimeSkipNum:0
UpdateDataTimer is Active.
Memory info:
procs -----------memory---------- ---swap-- -----io---- --system-- -----cpu------
 r  b   swpd   free   buff  cache   si   so    bi    bo   in   cs us sy id wa st
 6  0 255356 172236  17088  78668    1    2     7    13    5   86  2 33 64  0  0



Time:2013-11-5 14:13:30
CommunicateErr:0
ErrPackageNum:0
TimeSkipNum:0
UpdateDataTimer is Active.
Memory info:
procs -----------memory---------- ---swap-- -----io---- --system-- -----cpu------
 r  b   swpd   free   buff  cache   si   so    bi    bo   in   cs us sy id wa st
 6  1 255356 172244  17100  78676    1    2     7    13    5   86  2 33 64  0  0



Time:2013-11-5 14:13:40
CommunicateErr:0
ErrPackageNum:0
TimeSkipNum:0
UpdateDataTimer is Active.
Memory info:
procs -----------memory---------- ---swap-- -----io---- --system-- -----cpu------
 r  b   swpd   free   buff  cache   si   so    bi    bo   in   cs us sy id wa st
 6  0 255356 172112  17120  78672    1    2     7    13    5   86  2 33 64  0  0



Time:2013-11-5 14:13:50
CommunicateErr:0
ErrPackageNum:0
TimeSkipNum:0
UpdateDataTimer is Active.
Memory info:
procs -----------memory---------- ---swap-- -----io---- --system-- -----cpu------
 r  b   swpd   free   buff  cache   si   so    bi    bo   in   cs us sy id wa st
 4  0 255356 172128  17136  78676    1    2     7    13    5   86  2 33 64  0  0



Time:2013-11-5 14:14:00
CommunicateErr:0
ErrPackageNum:0
TimeSkipNum:0
UpdateDataTimer is Active.
Memory info:
procs -----------memory---------- ---swap-- -----io---- --system-- -----cpu------
 r  b   swpd   free   buff  cache   si   so    bi    bo   in   cs us sy id wa st
 5  0 255356 172112  17152  78676    1    2     7    13    5   86  2 33 64  0  0



Time:2013-11-5 14:14:10
CommunicateErr:0
ErrPackageNum:0
TimeSkipNum:0
UpdateDataTimer is Active.
Memory info:
procs -----------memory---------- ---swap-- -----io---- --system-- -----cpu------
 r  b   swpd   free   buff  cache   si   so    bi    bo   in   cs us sy id wa st
 9  0 255356 171932  17168  78676    1    2     7    13    5   86  2 33 64  0  0



Time:2013-11-5 14:14:20
CommunicateErr:0
ErrPackageNum:0
TimeSkipNum:0
UpdateDataTimer is Active.
Memory info:
procs -----------memory---------- ---swap-- -----io---- --system-- -----cpu------
 r  b   swpd   free   buff  cache   si   so    bi    bo   in   cs us sy id wa st
 8  0 255356 173552  17184  78680    1    2     7    13    5   86  2 33 64  0  0



Time:2013-11-5 14:14:30
CommunicateErr:0
ErrPackageNum:0
TimeSkipNum:0
UpdateDataTimer is Active.
Memory info:
procs -----------memory---------- ---swap-- -----io---- --system-- -----cpu------
 r  b   swpd   free   buff  cache   si   so    bi    bo   in   cs us sy id wa st
 7  0 255356 172916  17200  78680    1    2     7    13    5   86  2 33 64  0  0



Time:2013-11-5 14:14:40
CommunicateErr:0
ErrPackageNum:0
TimeSkipNum:0
UpdateDataTimer is Active.
Memory info:
procs -----------memory---------- ---swap-- -----io---- --system-- -----cpu------
 r  b   swpd   free   buff  cache   si   so    bi    bo   in   cs us sy id wa st
 8  0 255356 172428  17208  78688    1    2     7    13    5   86  2 33 64  0  0



Time:2013-11-5 14:14:50
CommunicateErr:0
ErrPackageNum:0
TimeSkipNum:0
UpdateDataTimer is Active.
Memory info:
procs -----------memory---------- ---swap-- -----io---- --system-- -----cpu------
 r  b   swpd   free   buff  cache   si   so    bi    bo   in   cs us sy id wa st
 7  0 255356 173280  17224  78680    1    2     7    13    5   86  2 33 64  0  0



Time:2013-11-5 14:15:00
CommunicateErr:0
ErrPackageNum:0
TimeSkipNum:0
UpdateDataTimer is Active.
Memory info:
procs -----------memory---------- ---swap-- -----io---- --system-- -----cpu------
 r  b   swpd   free   buff  cache   si   so    bi    bo   in   cs us sy id wa st
 4  0 255356 173148  17240  78680    1    2     7    13    5   86  2 33 64  0  0



Time:2013-11-5 14:15:10
CommunicateErr:0
ErrPackageNum:0
TimeSkipNum:0
UpdateDataTimer is Active.
Memory info:
procs -----------memory---------- ---swap-- -----io---- --system-- -----cpu------
 r  b   swpd   free   buff  cache   si   so    bi    bo   in   cs us sy id wa st
 6  0 255356 173164  17256  78684    1    2     7    13    5   86  2 33 64  0  0



Time:2013-11-5 14:15:20
CommunicateErr:0
ErrPackageNum:0
TimeSkipNum:0
UpdateDataTimer is Active.
Memory info:
procs -----------memory---------- ---swap-- -----io---- --system-- -----cpu------
 r  b   swpd   free   buff  cache   si   so    bi    bo   in   cs us sy id wa st
 6  0 255356 173180  17272  78684    1    2     7    13    5   86  2 33 64  0  0



Time:2013-11-5 14:15:30
CommunicateErr:0
ErrPackageNum:0
TimeSkipNum:0
UpdateDataTimer is Active.
Memory info:
procs -----------memory---------- ---swap-- -----io---- --system-- -----cpu------
 r  b   swpd   free   buff  cache   si   so    bi    bo   in   cs us sy id wa st
 6  0 255356 173180  17288  78684    1    2     7    13    5   86  2 33 64  0  0



Time:2013-11-5 14:15:40
CommunicateErr:0
ErrPackageNum:0
TimeSkipNum:0
UpdateDataTimer is Active.
Memory info:
procs -----------memory---------- ---swap-- -----io---- --system-- -----cpu------
 r  b   swpd   free   buff  cache   si   so    bi    bo   in   cs us sy id wa st
 7  0 255356 173040  17304  78688    1    2     7    13    5   86  2 33 64  0  0



Time:2013-11-5 14:15:50
CommunicateErr:0
ErrPackageNum:0
TimeSkipNum:0
UpdateDataTimer is Active.
Memory info:
procs -----------memory---------- ---swap-- -----io---- --system-- -----cpu------
 r  b   swpd   free   buff  cache   si   so    bi    bo   in   cs us sy id wa st
 8  0 255356 173056  17320  78688    1    2     7    13    5   86  2 33 64  0  0



Time:2013-11-5 14:16:00
CommunicateErr:0
ErrPackageNum:0
TimeSkipNum:0
UpdateDataTimer is Active.
Memory info:
procs -----------memory---------- ---swap-- -----io---- --system-- -----cpu------
 r  b   swpd   free   buff  cache   si   so    bi    bo   in   cs us sy id wa st
 6  0 255356 173040  17336  78692    1    2     7    13    5   86  2 33 64  0  0



Time:2013-11-5 14:16:10
CommunicateErr:0
ErrPackageNum:0
TimeSkipNum:0
UpdateDataTimer is Active.
Memory info:
procs -----------memory---------- ---swap-- -----io---- --system-- -----cpu------
 r  b   swpd   free   buff  cache   si   so    bi    bo   in   cs us sy id wa st
 5  0 255356 173040  17352  78692    1    2     7    13    5   86  2 33 64  0  0



Time:2013-11-5 14:16:20
CommunicateErr:0
ErrPackageNum:0
TimeSkipNum:0
UpdateDataTimer is Active.
Memory info:
procs -----------memory---------- ---swap-- -----io---- --system-- -----cpu------
 r  b   swpd   free   buff  cache   si   so    bi    bo   in   cs us sy id wa st
 4  0 255356 172916  17368  78692    1    2     7    13    5   86  2 33 64  0  0



Time:2013-11-5 14:16:30
CommunicateErr:0
ErrPackageNum:0
TimeSkipNum:0
UpdateDataTimer is Active.
Memory info:
procs -----------memory---------- ---swap-- -----io---- --system-- -----cpu------
 r  b   swpd   free   buff  cache   si   so    bi    bo   in   cs us sy id wa st
 7  0 255356 166984  17388  79324    1    2     7    13    5   86  2 33 64  0  0



